<?xml version="1.0" encoding="UTF-8"?>
<!-- Generated by org.testng.reporters.JUnitReportReporter -->
<testsuite hostname="LAPIS171" name="test_cases.LoginIE" tests="1" failures="0" timestamp="2 Mar 2018 20:06:50 GMT" time="3.110" errors="0">
  <testcase name="Login_using_IE" time="3.110" classname="test_cases.LoginIE"/>
</testsuite>
