<?xml version="1.0" encoding="UTF-8"?>
<!-- Generated by org.testng.reporters.JUnitReportReporter -->
<testsuite hostname="LAPIS171" name="TestNG" tests="1" failures="0" timestamp="26 Feb 2018 16:19:09 GMT" time="0.465" errors="0">
  <testcase name="main" time="0.465" classname="TestNG"/>
</testsuite>
