<?xml version="1.0" encoding="UTF-8"?>
<!-- Generated by org.testng.reporters.JUnitReportReporter -->
<testsuite hostname="LAPIS171" name="TestNG" tests="1" failures="0" timestamp="23 Feb 2018 20:18:24 GMT" time="0.583" errors="0">
  <testcase name="main" time="0.583" classname="TestNG"/>
</testsuite>
