<?xml version="1.0" encoding="UTF-8"?>
<!-- Generated by org.testng.reporters.JUnitReportReporter -->
<testsuite hostname="LAPIS171" name="test_cases.tester" tests="1" failures="0" timestamp="2 Mar 2018 16:43:41 GMT" time="0.000" errors="0">
  <testcase name="Registration_data" time="0.000" classname="test_cases.tester"/>
</testsuite>
