<?xml version="1.0" encoding="UTF-8"?>
<!-- Generated by org.testng.reporters.JUnitReportReporter -->
<testsuite hostname="LAPIS171" name="test_cases.AccountServicesApplication" tests="1" failures="0" timestamp="2 Mar 2018 21:12:13 GMT" time="44.067" errors="0">
  <testcase name="account_services_application_test" time="44.067" classname="test_cases.AccountServicesApplication"/>
</testsuite>
